[2019-01-26 11:50:09] App Log.INFO: Login user: user@email.com [] []
[2019-01-26 11:50:34] App Log.INFO: Login user: luis.avila@test.com [] []
[2019-01-28 18:31:51] App Log.INFO: Login user: luis.avila@test.com [] []
[2019-01-28 23:43:28] App Log.INFO: Login user: luis.avila@test.com [] []
[2019-01-28 23:46:12] App Log.INFO: Login user: luis.avila@test.com [] []
[2019-01-29 20:16:12] App Log.INFO: Login user: luis.avila@test.com [] []
[2019-01-30 18:13:41] App Log.INFO: Login user: luis.avila@test.com [] []
[2019-01-30 23:28:57] App Log.INFO: Login user: luis.avila@test.com [] []
[2019-01-31 02:09:50] App Log.INFO: Login user: luisangelavilatorres@gmail.com [] []
[2019-01-31 02:22:16] App Log.INFO: Login user: luisangelavilatorres@gmail.com [] []
[2019-01-31 02:24:59] App Log.INFO: Login user: luisangelavilatorres@gmail.com [] []
[2019-01-31 18:09:57] App Log.INFO: Login user: luisangelavilatorres@gmail.com [] []
[2019-01-31 18:55:11] App Log.INFO: Login user: luisangelavilatorres@gmail.com [] []
[2019-01-31 18:56:05] App Log.INFO: Login user: luisangelavilatorres@gmail.com [] []
[2019-01-31 18:56:22] App Log.INFO: Login user: luisangelavilatorres@gmail.com [] []
[2019-02-01 18:17:59] App Log.INFO: Login user: luisangelavilatorres@gmail.com [] []
[2019-02-03 11:55:23] App Log.INFO: Login user: luisangelavilatorres@gmail.com [] []
[2019-02-03 12:44:01] App Log.INFO: Login user: luisangelavilatorres@gmail.com [] []
[2019-02-03 12:46:41] App Log.INFO: Login user: luisangelavilatorres@gmail.com [] []
[2019-02-03 12:49:14] App Log.INFO: Login user: luisangelavilatorres@gmail.com [] []
[2019-02-03 13:04:57] App Log.INFO: Login user: user@test.com [] []
[2019-02-03 13:18:15] App Log.INFO: Login user: luisangelavilatorres@gmail.com [] []
[2019-02-03 13:24:25] App Log.INFO: Login user: test@mail.com [] []
[2019-02-03 13:25:58] App Log.INFO: Login user: luisangelavilatorres@gmail.com [] []
[2019-02-03 13:31:52] App Log.INFO: Login user: test3@mail.com [] []
[2019-02-03 13:39:10] App Log.INFO: Login user: luisangelavilatorres@gmail.com [] []
[2019-02-03 13:49:56] App Log.INFO: Login user: luisangelavilatorres@gmail.com [] []
[2019-02-03 13:50:56] App Log.INFO: Login user: test1@mail.com [] []
[2019-02-03 13:55:32] App Log.INFO: Login user: test1@mail.com [] []
[2019-02-03 13:58:49] App Log.INFO: Login user: test2@mail.com [] []
[2019-02-03 14:00:25] App Log.INFO: Login user: test1@mail.com [] []
[2019-02-03 14:04:42] App Log.INFO: Login user: luisangelavilatorres@gmail.com [] []
[2019-02-03 16:09:15] App Log.INFO: Login user: luisangelavilatorres@gmail.com [] []
[2019-02-03 22:01:49] App Log.INFO: Login user: test1@mail.com [] []
[2019-02-03 17:17:40] App Log.INFO: Login user: luisangelavilatorres@gmail.com [] []
[2019-02-03 20:21:46] App Log.INFO: Login user: luisangelavilatorres@gmail.com [] []
[2019-02-04 18:20:03] App Log.INFO: Login user: luisangelavilatorres@gmail.com [] []
